<?xml version="1.1" encoding="UTF-8"?>
<testsuite name="carlosgsouza.vinylshop.functional.v2.VinylFunctionalSpec" tests="3" failures="0" errors="0" timestamp="2013-12-14T16:32:05" hostname="localhost" time="0.049">
  <properties/>
  <testcase name="should show a vinyl" classname="carlosgsouza.vinylshop.functional.v2.VinylFunctionalSpec" time="0.023"/>
  <testcase name="should delete a vinyl" classname="carlosgsouza.vinylshop.functional.v2.VinylFunctionalSpec" time="0.011"/>
  <testcase name="should create a vinyl" classname="carlosgsouza.vinylshop.functional.v2.VinylFunctionalSpec" time="0.012"/>
  <system-out><![CDATA[]]></system-out>
  <system-err><![CDATA[]]></system-err>
</testsuite>
