<?xml version="1.1" encoding="UTF-8"?>
<testsuite name="carlosgsouza.vinylshop.functional.v1.VinylFunctionalSpec" tests="5" failures="0" errors="0" timestamp="2013-12-14T16:32:54" hostname="localhost" time="0.279">
  <properties/>
  <testcase name="should show an error message when trying to shown an inexistent vinyl" classname="carlosgsouza.vinylshop.functional.v1.VinylFunctionalSpec" time="0.157"/>
  <testcase name="should show an error message when trying to delete an inexistent vinyl" classname="carlosgsouza.vinylshop.functional.v1.VinylFunctionalSpec" time="0.006"/>
  <testcase name="should search for a vinyl given its name, ignoring the case and matching the query anywhere in the name" classname="carlosgsouza.vinylshop.functional.v1.VinylFunctionalSpec" time="0.058"/>
  <testcase name="should not find an uniexistant vinyl" classname="carlosgsouza.vinylshop.functional.v1.VinylFunctionalSpec" time="0.006"/>
  <testcase name="should not create an invalid vinyl" classname="carlosgsouza.vinylshop.functional.v1.VinylFunctionalSpec" time="0.044"/>
  <system-out><![CDATA[]]></system-out>
  <system-err><![CDATA[]]></system-err>
</testsuite>
