<?xml version="1.1" encoding="UTF-8"?>
<testsuite name="carlosgsouza.vinylshop.functional.v2.ArtistFunctionalSpec" tests="6" failures="0" errors="0" timestamp="2013-12-14T16:31:24" hostname="localhost" time="0.041">
  <properties/>
  <testcase name="should list all artists" classname="carlosgsouza.vinylshop.functional.v2.ArtistFunctionalSpec" time="0.008"/>
  <testcase name="should search for vinyls given the artist" classname="carlosgsouza.vinylshop.functional.v2.ArtistFunctionalSpec" time="0.009"/>
  <testcase name="should ignore the case when searching for vinyls given the artist" classname="carlosgsouza.vinylshop.functional.v2.ArtistFunctionalSpec" time="0.005"/>
  <testcase name="should match partially when searching for vinyls given the artist" classname="carlosgsouza.vinylshop.functional.v2.ArtistFunctionalSpec" time="0.004"/>
  <testcase name="should show no results if the artist is not provided for the artist search" classname="carlosgsouza.vinylshop.functional.v2.ArtistFunctionalSpec" time="0.005"/>
  <testcase name="should show no results if there are no vinyls with the given artist" classname="carlosgsouza.vinylshop.functional.v2.ArtistFunctionalSpec" time="0.006"/>
  <system-out><![CDATA[]]></system-out>
  <system-err><![CDATA[]]></system-err>
</testsuite>
