<?xml version="1.1" encoding="UTF-8"?>
<testsuite name="carlosgsouza.vinylshop.functional.v2.VinylFunctionalSpec" tests="3" failures="0" errors="0" timestamp="2013-12-14T16:23:18" hostname="localhost" time="0.052">
  <properties/>
  <testcase name="should show a vinyl" classname="carlosgsouza.vinylshop.functional.v2.VinylFunctionalSpec" time="0.02"/>
  <testcase name="should delete a vinyl" classname="carlosgsouza.vinylshop.functional.v2.VinylFunctionalSpec" time="0.015"/>
  <testcase name="should create a vinyl" classname="carlosgsouza.vinylshop.functional.v2.VinylFunctionalSpec" time="0.016"/>
  <system-out><![CDATA[]]></system-out>
  <system-err><![CDATA[]]></system-err>
</testsuite>
